#Timing report of worst 1 path(s)
# Unit scale: 1e-09 seconds
# Output precision: 3

#Path 1
Startpoint: B.inpad[0] (.input clocked by virtual_io_clock)
Endpoint  : out:Y.outpad[0] (.output clocked by virtual_io_clock)
Path Type : hold

Point                                                                        Incr      Path
-------------------------------------------------------------------------------------------
clock virtual_io_clock (rise edge)                                          0.000     0.000
clock source latency                                                        0.000     0.000
input external delay                                                        0.000     0.000
B.inpad[0] (.input)                                                         0.000     0.000
$iopadmap$helloworldfpga.B.I_PAD_$inp[0] (BIDIR_CELL)                       0.000     0.000
$iopadmap$helloworldfpga.B.I_DAT[0] (BIDIR_CELL)                           10.153    10.153
Y_LUT2_O.t_frag.XSL[0] (T_FRAG)                                             7.091    17.244
Y_LUT2_O.t_frag.XZ[0] (T_FRAG)                                              1.041    18.285
$iopadmap$helloworldfpga.Y.O_DAT[0] (BIDIR_CELL)                           10.070    28.354
$iopadmap$helloworldfpga.Y.O_PAD_$out[0] (BIDIR_CELL)                       9.726    38.080
out:Y.outpad[0] (.output)                                                   0.000    38.080
data arrival time                                                                    38.080

clock virtual_io_clock (rise edge)                                          0.000     0.000
clock source latency                                                        0.000     0.000
clock uncertainty                                                           0.000     0.000
output external delay                                                       0.000     0.000
data required time                                                                    0.000
-------------------------------------------------------------------------------------------
data required time                                                                   -0.000
data arrival time                                                                    38.080
-------------------------------------------------------------------------------------------
slack (MET)                                                                          38.080


#End of timing report
