#Timing report of worst 1 path(s)
# Unit scale: 1e-09 seconds
# Output precision: 3

#Path 1
Startpoint: A.inpad[0] (.input clocked by virtual_io_clock)
Endpoint  : out:Y.outpad[0] (.output clocked by virtual_io_clock)
Path Type : setup

Point                                                                        Incr      Path
-------------------------------------------------------------------------------------------
clock virtual_io_clock (rise edge)                                          0.000     0.000
clock source latency                                                        0.000     0.000
input external delay                                                        0.000     0.000
A.inpad[0] (.input)                                                         0.000     0.000
$iopadmap$helloworldfpga.A.I_PAD_$inp[0] (BIDIR_CELL)                       0.000     0.000
$iopadmap$helloworldfpga.A.I_DAT[0] (BIDIR_CELL)                           10.958    10.958
Y_LUT2_O.t_frag.XAB[0] (T_FRAG)                                             7.550    18.508
Y_LUT2_O.t_frag.XZ[0] (T_FRAG)                                              1.305    19.813
$iopadmap$helloworldfpga.Y.O_DAT[0] (BIDIR_CELL)                           10.070    29.883
$iopadmap$helloworldfpga.Y.O_PAD_$out[0] (BIDIR_CELL)                       9.809    39.692
out:Y.outpad[0] (.output)                                                   0.000    39.692
data arrival time                                                                    39.692

clock virtual_io_clock (rise edge)                                          0.000     0.000
clock source latency                                                        0.000     0.000
clock uncertainty                                                           0.000     0.000
output external delay                                                       0.000     0.000
data required time                                                                    0.000
-------------------------------------------------------------------------------------------
data required time                                                                    0.000
data arrival time                                                                   -39.692
-------------------------------------------------------------------------------------------
slack (VIOLATED)                                                                    -39.692


#End of timing report
